[2018-03-31T15:58:44.053] [ERROR] cheese - 页面丢了
[2018-03-31T16:01:55.813] [ERROR] cheese - 页面丢了
[2018-03-31T16:13:42.028] [ERROR] cheese - 页面丢了
[2018-03-31T16:19:58.948] [ERROR] cheese - 页面丢了
[2018-03-31T16:19:59.875] [ERROR] cheese - 页面丢了
[2018-03-31T16:20:00.682] [ERROR] cheese - 页面丢了
[2018-03-31T16:20:00.948] [ERROR] cheese - 页面丢了
[2018-03-31T16:20:01.176] [ERROR] cheese - 页面丢了
[2018-03-31T16:22:09.393] [ERROR] cheese - 页面丢了
[2018-03-31T16:22:10.129] [ERROR] cheese - 页面丢了
[2018-03-31T16:22:24.575] [ERROR] cheese - 页面丢了
[2018-03-31T16:22:25.395] [ERROR] cheese - 页面丢了
[2018-03-31T16:22:41.691] [ERROR] cheese - 页面丢了
[2018-03-31T16:24:20.883] [ERROR] cheese - 页面丢了
[2018-03-31T16:24:43.685] [ERROR] cheese - 页面丢了
[2018-03-31T16:25:31.669] [ERROR] cheese - 页面丢了
[2018-03-31T16:25:53.618] [ERROR] cheese - 页面丢了
[2018-03-31T16:27:10.162] [ERROR] cheese - 页面丢了
[2018-03-31T16:33:51.165] [ERROR] cheese - 页面丢了
[2018-03-31T16:37:12.661] [ERROR] cheese - 页面丢了
[2018-03-31T17:33:53.376] [ERROR] cheese - 页面丢了
[2018-03-31T17:34:11.213] [ERROR] cheese - 页面丢了
[2018-03-31T17:34:13.430] [ERROR] cheese - 页面丢了
[2018-03-31T18:08:51.876] [ERROR] cheese - { Error: ENOENT: no such file or directory, open '/Users/liufeifei/Desktop/test/build/views/index.html'
  errno: -2,
  code: 'ENOENT',
  syscall: 'open',
  path: '/Users/liufeifei/Desktop/test/build/views/index.html' }
[2018-03-31T18:09:12.733] [ERROR] cheese - 页面丢了
[2018-03-31T18:09:17.184] [ERROR] cheese - { Error: ENOENT: no such file or directory, open '/Users/liufeifei/Desktop/test/build/views/index.html'
  errno: -2,
  code: 'ENOENT',
  syscall: 'open',
  path: '/Users/liufeifei/Desktop/test/build/views/index.html' }
[2018-03-31T18:09:18.898] [ERROR] cheese - { Error: ENOENT: no such file or directory, open '/Users/liufeifei/Desktop/test/build/views/index.html'
  errno: -2,
  code: 'ENOENT',
  syscall: 'open',
  path: '/Users/liufeifei/Desktop/test/build/views/index.html' }
[2018-03-31T18:27:31.294] [ERROR] cheese - Error: Unexpected tag "data" on line 9 in file /Users/liufeifei/Desktop/test/build/views/index.html.
    at Object.exports.throwError (/Users/liufeifei/Desktop/test/node_modules/swig-templates/lib/utils.js:183:9)
    at parseTag (/Users/liufeifei/Desktop/test/node_modules/swig-templates/lib/parser.js:544:13)
    at /Users/liufeifei/Desktop/test/node_modules/swig-templates/lib/parser.js:640:15
    at Object.exports.each (/Users/liufeifei/Desktop/test/node_modules/swig-templates/lib/utils.js:45:11)
    at Object.exports.parse (/Users/liufeifei/Desktop/test/node_modules/swig-templates/lib/parser.js:624:9)
    at exports.Swig.parse (/Users/liufeifei/Desktop/test/node_modules/swig-templates/lib/swig.js:354:19)
    at exports.Swig.precompile (/Users/liufeifei/Desktop/test/node_modules/swig-templates/lib/swig.js:486:23)
    at exports.Swig.compile (/Users/liufeifei/Desktop/test/node_modules/swig-templates/lib/swig.js:605:16)
    at /Users/liufeifei/Desktop/test/node_modules/swig-templates/lib/swig.js:683:27
    at FSReqWrap.readFileAfterClose [as oncomplete] (fs.js:532:3)
[2018-03-31T18:34:03.009] [ERROR] cheese - 页面丢了
[2018-03-31T18:34:03.043] [ERROR] cheese - 页面丢了
[2018-03-31T18:35:55.274] [ERROR] cheese - 页面丢了
[2018-03-31T18:35:55.307] [ERROR] cheese - 页面丢了
[2018-03-31T18:36:53.100] [ERROR] cheese - 页面丢了
[2018-03-31T18:36:53.106] [ERROR] cheese - 页面丢了
[2018-03-31T18:37:29.471] [ERROR] cheese - 页面丢了
[2018-03-31T18:37:29.471] [ERROR] cheese - 页面丢了
[2018-03-31T18:37:56.434] [ERROR] cheese - 页面丢了
[2018-03-31T18:37:56.465] [ERROR] cheese - 页面丢了
[2018-03-31T18:41:33.192] [ERROR] cheese - 页面丢了
[2018-03-31T18:41:33.236] [ERROR] cheese - 页面丢了
[2018-03-31T18:42:00.156] [ERROR] cheese - 页面丢了
[2018-03-31T18:42:00.168] [ERROR] cheese - 页面丢了
[2018-03-31T18:43:32.361] [ERROR] cheese - 页面丢了
[2018-03-31T18:43:45.214] [ERROR] cheese - 页面丢了
[2018-03-31T20:09:54.824] [ERROR] cheese - 页面丢了
[2018-03-31T20:30:34.125] [ERROR] cheese - 页面丢了
[2018-04-22T10:24:52.100] [ERROR] cheese - 页面丢了
[2018-04-22T10:24:52.904] [ERROR] cheese - 页面丢了
[2018-04-22T10:25:12.211] [ERROR] cheese - 页面丢了
[2018-04-22T11:36:55.226] [ERROR] cheese - 页面丢了
[2018-04-22T11:48:08.414] [ERROR] cheese - 页面丢了
[2018-04-22T11:48:14.793] [ERROR] cheese - 页面丢了
[2018-04-22T11:48:21.589] [ERROR] cheese - 页面丢了
[2018-04-22T11:48:24.969] [ERROR] cheese - 页面丢了
[2018-04-22T11:48:27.430] [ERROR] cheese - 页面丢了
[2018-04-22T11:52:09.541] [ERROR] cheese - 页面丢了
[2018-04-22T11:56:35.083] [ERROR] cheese - 页面丢了
[2018-04-22T11:56:36.044] [ERROR] cheese - 页面丢了
[2018-04-22T11:56:37.201] [ERROR] cheese - 页面丢了
[2018-04-22T11:56:44.289] [ERROR] cheese - 页面丢了
[2018-04-22T11:56:47.007] [ERROR] cheese - 页面丢了
[2018-04-22T11:58:52.385] [ERROR] cheese - 页面丢了
[2018-04-22T11:58:53.872] [ERROR] cheese - 页面丢了
[2018-04-22T11:58:55.747] [ERROR] cheese - 页面丢了
[2018-04-22T11:58:58.770] [ERROR] cheese - 页面丢了
[2018-04-22T11:59:05.413] [ERROR] cheese - 页面丢了
[2018-04-22T11:59:10.347] [ERROR] cheese - 页面丢了
[2018-04-22T11:59:16.393] [ERROR] cheese - 页面丢了
[2018-04-22T11:59:19.430] [ERROR] cheese - 页面丢了
[2018-04-22T11:59:37.702] [ERROR] cheese - 页面丢了
[2018-04-22T11:59:48.788] [ERROR] cheese - 页面丢了
[2018-04-22T12:02:04.318] [ERROR] cheese - 页面丢了
[2018-04-22T12:02:05.140] [ERROR] cheese - 页面丢了
[2018-04-22T12:02:05.667] [ERROR] cheese - 页面丢了
[2018-04-22T12:02:06.080] [ERROR] cheese - 页面丢了
[2018-04-22T12:02:06.422] [ERROR] cheese - 页面丢了
[2018-04-22T12:02:55.222] [ERROR] cheese - 页面丢了
[2018-04-22T12:02:57.868] [ERROR] cheese - 页面丢了
[2018-04-22T12:03:00.303] [ERROR] cheese - 页面丢了
[2018-04-22T12:05:28.475] [ERROR] cheese - 页面丢了
[2018-04-22T12:05:29.399] [ERROR] cheese - 页面丢了
[2018-04-22T12:05:30.047] [ERROR] cheese - 页面丢了
[2018-04-22T12:05:30.382] [ERROR] cheese - 页面丢了
[2018-04-22T12:05:31.909] [ERROR] cheese - 页面丢了
[2018-04-22T12:05:39.637] [ERROR] cheese - 页面丢了
[2018-04-22T14:19:37.159] [ERROR] cheese - 页面丢了
[2018-04-22T14:25:29.319] [ERROR] cheese - 页面丢了
[2018-04-22T14:25:30.331] [ERROR] cheese - 页面丢了
[2018-04-22T14:25:34.335] [ERROR] cheese - 页面丢了
[2018-04-22T14:25:37.010] [ERROR] cheese - 页面丢了
[2018-04-22T14:25:47.748] [ERROR] cheese - 页面丢了
[2018-04-22T14:28:06.467] [ERROR] cheese - 页面丢了
[2018-04-22T14:28:07.236] [ERROR] cheese - 页面丢了
[2018-04-22T14:29:43.670] [ERROR] cheese - 页面丢了
[2018-04-22T14:33:01.580] [ERROR] cheese - 页面丢了
[2018-04-22T14:33:30.474] [ERROR] cheese - 页面丢了
[2018-04-22T15:35:36.994] [ERROR] cheese - 页面丢了
[2018-04-22T15:35:39.384] [ERROR] cheese - 页面丢了
[2018-04-22T15:35:41.829] [ERROR] cheese - 页面丢了
[2018-04-22T15:35:43.674] [ERROR] cheese - 页面丢了
[2018-04-22T15:36:04.009] [ERROR] cheese - 页面丢了
[2018-04-22T15:36:09.154] [ERROR] cheese - 页面丢了
[2018-04-22T15:38:31.360] [ERROR] cheese - 页面丢了
[2018-04-22T15:38:32.813] [ERROR] cheese - 页面丢了
[2018-04-22T15:38:34.822] [ERROR] cheese - 页面丢了
[2018-04-22T15:39:52.488] [ERROR] cheese - 页面丢了
[2018-04-22T15:39:55.803] [ERROR] cheese - 页面丢了
[2018-04-22T15:42:04.899] [ERROR] cheese - 页面丢了
[2018-04-22T16:05:45.951] [ERROR] cheese - 页面丢了
[2018-04-22T16:16:32.868] [ERROR] cheese - ctx.status=>TypeError: Assignment to constant variable.
[2018-04-22T16:16:33.930] [ERROR] cheese - ctx.status=>TypeError: Assignment to constant variable.
[2018-04-22T16:16:58.668] [ERROR] cheese - 500=>TypeError: Assignment to constant variable.
